<?xml version="1.0" encoding="UTF-8"?>
<robot generator="Robot 7.1.1 (Python 3.12.4 on win32)" generated="2024-11-21T19:47:28.213865" rpa="false" schemaversion="5">
<suite id="s1" name="Test Booker" source="c:\Iterasys\RobotBooker140\__tests__\api\test_booker.robot">
<kw name="Create Token" owner="common" type="SETUP">
<kw name="Create Dictionary" owner="BuiltIn">
<msg time="2024-11-21T19:47:30.831779" level="INFO">${body} = {'username': 'admin', 'password': 'password123'}</msg>
<var>${body}</var>
<arg>username=admin</arg>
<arg>password=password123</arg>
<doc>Creates and returns a dictionary based on the given ``items``.</doc>
<status status="PASS" start="2024-11-21T19:47:30.828887" elapsed="0.019865"/>
</kw>
<kw name="POST" owner="RequestsLibrary">
<msg time="2024-11-21T19:47:31.708124" level="INFO">POST Request : url=https://restful-booker.herokuapp.com/auth 
 path_url=/auth 
 headers={'User-Agent': 'python-requests/2.32.3', 'Accept-Encoding': 'gzip, deflate', 'Accept': '*/*', 'Connection': 'keep-alive', 'Content-Length': '48', 'Content-Type': 'application/json'} 
 body=b'{"username": "admin", "password": "password123"}' 
 </msg>
<msg time="2024-11-21T19:47:31.709123" level="INFO">POST Response : url=https://restful-booker.herokuapp.com/auth 
 status=200, reason=OK 
 headers={'Server': 'Cowboy', 'Report-To': '{"group":"heroku-nel","max_age":3600,"endpoints":[{"url":"https://nel.heroku.com/reports?ts=1732229252&amp;sid=c46efe9b-d3d2-4a0c-8c76-bfafa16c5add&amp;s=JLxl6y%2Bwsnp%2BKd5Ik4pZaK0tAljVzCHXKjk7dw%2Fnryo%3D"}]}', 'Reporting-Endpoints': 'heroku-nel=https://nel.heroku.com/reports?ts=1732229252&amp;sid=c46efe9b-d3d2-4a0c-8c76-bfafa16c5add&amp;s=JLxl6y%2Bwsnp%2BKd5Ik4pZaK0tAljVzCHXKjk7dw%2Fnryo%3D', 'Nel': '{"report_to":"heroku-nel","max_age":3600,"success_fraction":0.005,"failure_fraction":0.05,"response_headers":["Via"]}', 'Connection': 'keep-alive', 'X-Powered-By': 'Express', 'Content-Type': 'application/json; charset=utf-8', 'Content-Length': '27', 'Etag': 'W/"1b-sAp/cMHbyGg6IduwyqW9db4hbug"', 'Date': 'Thu, 21 Nov 2024 22:47:32 GMT', 'Via': '1.1 vegur'} 
 body={"token":"ce9c5474143bc5d"} 
 </msg>
<msg time="2024-11-21T19:47:31.710121" level="INFO">${response} = &lt;Response [200]&gt;</msg>
<var>${response}</var>
<arg>url=${url}/auth</arg>
<arg>json=${body}</arg>
<doc>Sends a POST request.</doc>
<status status="PASS" start="2024-11-21T19:47:30.849749" elapsed="0.860372"/>
</kw>
<kw name="Status Should Be" owner="RequestsLibrary">
<arg>200</arg>
<doc>Fails if response status code is different than the expected.</doc>
<status status="PASS" start="2024-11-21T19:47:31.711119" elapsed="0.000998"/>
</kw>
<kw name="Set Variable" owner="BuiltIn">
<msg time="2024-11-21T19:47:31.715113" level="INFO">${token} = ce9c5474143bc5d</msg>
<var>${token}</var>
<arg>${response.json()}[token]</arg>
<doc>Returns the given values which can then be assigned to a variables.</doc>
<status status="PASS" start="2024-11-21T19:47:31.713116" elapsed="0.002995"/>
</kw>
<kw name="Set Suite Variable" owner="BuiltIn">
<msg time="2024-11-21T19:47:31.717110" level="INFO">${token} = ce9c5474143bc5d</msg>
<arg>${token}</arg>
<doc>Makes a variable available everywhere within the scope of the current suite.</doc>
<status status="PASS" start="2024-11-21T19:47:31.716111" elapsed="0.001997"/>
</kw>
<kw name="Log To Console" owner="BuiltIn">
<arg>${token}</arg>
<doc>Logs the given message to the console.</doc>
<status status="PASS" start="2024-11-21T19:47:31.720111" elapsed="0.002995"/>
</kw>
<arg>${url}</arg>
<status status="PASS" start="2024-11-21T19:47:30.825890" elapsed="0.898214"/>
</kw>
<test id="s1-t1" name="Update Booking" line="54">
<kw name="Get Booking Id" owner="common">
<kw name="GET" owner="RequestsLibrary">
<msg time="2024-11-21T19:47:33.336036" level="INFO">GET Request : url=https://restful-booker.herokuapp.com/booking?firstname=Elen&amp;lastname=Santos 
 path_url=/booking?firstname=Elen&amp;lastname=Santos 
 headers={'User-Agent': 'python-requests/2.32.3', 'Accept-Encoding': 'gzip, deflate', 'Accept': '*/*', 'Connection': 'keep-alive'} 
 body=None 
 </msg>
<msg time="2024-11-21T19:47:33.337036" level="INFO">GET Response : url=https://restful-booker.herokuapp.com/booking?firstname=Elen&amp;lastname=Santos 
 status=200, reason=OK 
 headers={'Server': 'Cowboy', 'Report-To': '{"group":"heroku-nel","max_age":3600,"endpoints":[{"url":"https://nel.heroku.com/reports?ts=1732229253&amp;sid=c46efe9b-d3d2-4a0c-8c76-bfafa16c5add&amp;s=w04Neqb4bvc84R406asfYJcQIYsR4d58jwrF4R9U8%2F4%3D"}]}', 'Reporting-Endpoints': 'heroku-nel=https://nel.heroku.com/reports?ts=1732229253&amp;sid=c46efe9b-d3d2-4a0c-8c76-bfafa16c5add&amp;s=w04Neqb4bvc84R406asfYJcQIYsR4d58jwrF4R9U8%2F4%3D', 'Nel': '{"report_to":"heroku-nel","max_age":3600,"success_fraction":0.005,"failure_fraction":0.05,"response_headers":["Via"]}', 'Connection': 'keep-alive', 'X-Powered-By': 'Express', 'Content-Type': 'application/json; charset=utf-8', 'Content-Length': '20', 'Etag': 'W/"14-43O8SNsC9rmc8PSeVwdEs8tdqKo"', 'Date': 'Thu, 21 Nov 2024 22:47:33 GMT', 'Via': '1.1 vegur'} 
 body=[{"bookingid":3231}] 
 </msg>
<msg time="2024-11-21T19:47:33.339032" level="INFO">${response} = &lt;Response [200]&gt;</msg>
<var>${response}</var>
<arg>url=${url}/booking?firstname=${firstname}&amp;lastname=${lastname}</arg>
<doc>Sends a GET request.</doc>
<status status="PASS" start="2024-11-21T19:47:31.731092" elapsed="1.607940"/>
</kw>
<kw name="Set Variable" owner="BuiltIn">
<msg time="2024-11-21T19:47:33.343028" level="INFO">${response_body} = [{'bookingid': 3231}]</msg>
<var>${response_body}</var>
<arg>${response.json()}</arg>
<doc>Returns the given values which can then be assigned to a variables.</doc>
<status status="PASS" start="2024-11-21T19:47:33.340032" elapsed="0.002996"/>
</kw>
<kw name="Log To Console" owner="BuiltIn">
<arg>${response_body}</arg>
<doc>Logs the given message to the console.</doc>
<status status="PASS" start="2024-11-21T19:47:33.344024" elapsed="0.001997"/>
</kw>
<kw name="Status Should Be" owner="RequestsLibrary">
<arg>200</arg>
<doc>Fails if response status code is different than the expected.</doc>
<status status="PASS" start="2024-11-21T19:47:33.347021" elapsed="0.002002"/>
</kw>
<kw name="Set Variable" owner="BuiltIn">
<msg time="2024-11-21T19:47:33.352011" level="INFO">${booking_id} = 3231</msg>
<var>${booking_id}</var>
<arg>${response_body}[0][bookingid]</arg>
<doc>Returns the given values which can then be assigned to a variables.</doc>
<status status="PASS" start="2024-11-21T19:47:33.350015" elapsed="0.002998"/>
</kw>
<kw name="Set Suite Variable" owner="BuiltIn">
<msg time="2024-11-21T19:47:33.356005" level="INFO">${booking_id} = 3231</msg>
<arg>${booking_id}</arg>
<doc>Makes a variable available everywhere within the scope of the current suite.</doc>
<status status="PASS" start="2024-11-21T19:47:33.354019" elapsed="0.002987"/>
</kw>
<arg>${url}</arg>
<arg>${firstname}</arg>
<arg>${lastname}</arg>
<status status="PASS" start="2024-11-21T19:47:31.728098" elapsed="1.630905"/>
</kw>
<kw name="Create Dictionary" owner="BuiltIn">
<msg time="2024-11-21T19:47:33.361997" level="INFO">${headers} = {'Content-Type': 'application/json', 'Cookie': 'token=ce9c5474143bc5d'}</msg>
<var>${headers}</var>
<arg>Content-Type=${content_type}</arg>
<arg>Cookie=token=${token}</arg>
<doc>Creates and returns a dictionary based on the given ``items``.</doc>
<status status="PASS" start="2024-11-21T19:47:33.360001" elapsed="0.004989"/>
</kw>
<kw name="Create Dictionary" owner="BuiltIn">
<msg time="2024-11-21T19:47:33.371982" level="INFO">${body} = {'firstname': 'Elen', 'lastname': 'Santos', 'totalprice': '90', 'depositpaid': 'True', 'bookingdates': {'checkin': '2024-04-27', 'checkout': '2024-04-27'}, 'additionalneeds': 'Breakfast'}</msg>
<var>${body}</var>
<arg>firstname=${firstname}</arg>
<arg>lastname=${lastname}</arg>
<arg>totalprice=90</arg>
<arg>depositpaid=True</arg>
<arg>bookingdates=${bookingdates}</arg>
<arg>additionalneeds=${additionalneeds}</arg>
<doc>Creates and returns a dictionary based on the given ``items``.</doc>
<status status="PASS" start="2024-11-21T19:47:33.368988" elapsed="0.003992"/>
</kw>
<kw name="PUT" owner="RequestsLibrary">
<msg time="2024-11-21T19:47:33.988141" level="INFO">PUT Request : url=https://restful-booker.herokuapp.com/booking/3231 
 path_url=/booking/3231 
 headers={'User-Agent': 'python-requests/2.32.3', 'Accept-Encoding': 'gzip, deflate', 'Accept': '*/*', 'Connection': 'keep-alive', 'Content-Type': 'application/json', 'Cookie': 'token=ce9c5474143bc5d', 'Content-Length': '187'} 
 body=b'{"firstname": "Elen", "lastname": "Santos", "totalprice": "90", "depositpaid": "True", "bookingdates": {"checkin": "2024-04-27", "checkout": "2024-04-27"}, "additionalneeds": "Breakfast"}' 
 </msg>
<msg time="2024-11-21T19:47:33.989136" level="INFO">PUT Response : url=https://restful-booker.herokuapp.com/booking/3231 
 status=200, reason=OK 
 headers={'Server': 'Cowboy', 'Report-To': '{"group":"heroku-nel","max_age":3600,"endpoints":[{"url":"https://nel.heroku.com/reports?ts=1732229254&amp;sid=c46efe9b-d3d2-4a0c-8c76-bfafa16c5add&amp;s=0AeNay99%2FofSuR5tjAJ29RvA7DZKqA25jTkJFu5mtb8%3D"}]}', 'Reporting-Endpoints': 'heroku-nel=https://nel.heroku.com/reports?ts=1732229254&amp;sid=c46efe9b-d3d2-4a0c-8c76-bfafa16c5add&amp;s=0AeNay99%2FofSuR5tjAJ29RvA7DZKqA25jTkJFu5mtb8%3D', 'Nel': '{"report_to":"heroku-nel","max_age":3600,"success_fraction":0.005,"failure_fraction":0.05,"response_headers":["Via"]}', 'Connection': 'keep-alive', 'X-Powered-By': 'Express', 'Content-Type': 'application/json; charset=utf-8', 'Content-Length': '169', 'Etag': 'W/"a9-49rwSV22piRQWTC2VVcPfPJnuxY"', 'Date': 'Thu, 21 Nov 2024 22:47:34 GMT', 'Via': '1.1 vegur'} 
 body={"firstname":"Elen","lastname":"Santos","totalprice":90,"depositpaid":true,"bookingdates":{"checkin":"2024-04-27","checkout":"2024-04-27"},"additionalneeds":"Breakfast"} 
 </msg>
<msg time="2024-11-21T19:47:33.990134" level="INFO">${response} = &lt;Response [200]&gt;</msg>
<var>${response}</var>
<arg>url=${url}/booking/${booking_id}</arg>
<arg>json=${body}</arg>
<arg>headers=${headers}</arg>
<doc>Sends a PUT request.</doc>
<status status="PASS" start="2024-11-21T19:47:33.374977" elapsed="0.615157"/>
</kw>
<kw name="Set Variable" owner="BuiltIn">
<msg time="2024-11-21T19:47:33.995133" level="INFO">${response_body} = {'firstname': 'Elen', 'lastname': 'Santos', 'totalprice': 90, 'depositpaid': True, 'bookingdates': {'checkin': '2024-04-27', 'checkout': '2024-04-27'}, 'additionalneeds': 'Breakfast'}</msg>
<var>${response_body}</var>
<arg>${response.json()}</arg>
<doc>Returns the given values which can then be assigned to a variables.</doc>
<status status="PASS" start="2024-11-21T19:47:33.992136" elapsed="0.003993"/>
</kw>
<kw name="Log To Console" owner="BuiltIn">
<arg>${response_body}</arg>
<doc>Logs the given message to the console.</doc>
<status status="PASS" start="2024-11-21T19:47:34.000126" elapsed="0.005986"/>
</kw>
<kw name="Status Should Be" owner="RequestsLibrary">
<arg>200</arg>
<doc>Fails if response status code is different than the expected.</doc>
<status status="PASS" start="2024-11-21T19:47:34.008111" elapsed="0.000998"/>
</kw>
<kw name="Should Be Equal" owner="BuiltIn">
<arg>${response_body}[firstname]</arg>
<arg>${firstname}</arg>
<doc>Fails if the given objects are unequal.</doc>
<status status="PASS" start="2024-11-21T19:47:34.011105" elapsed="0.001000"/>
</kw>
<kw name="Should Be Equal" owner="BuiltIn">
<arg>${response_body}[lastname]</arg>
<arg>${lastname}</arg>
<doc>Fails if the given objects are unequal.</doc>
<status status="PASS" start="2024-11-21T19:47:34.015101" elapsed="0.001995"/>
</kw>
<kw name="Should Be Equal" owner="BuiltIn">
<arg>${response_body}[totalprice]</arg>
<arg>${{int(90)}}</arg>
<doc>Fails if the given objects are unequal.</doc>
<status status="PASS" start="2024-11-21T19:47:34.020093" elapsed="0.002995"/>
</kw>
<kw name="Should Be Equal" owner="BuiltIn">
<arg>${response_body}[depositpaid]</arg>
<arg>${{bool(True)}}</arg>
<doc>Fails if the given objects are unequal.</doc>
<status status="PASS" start="2024-11-21T19:47:34.025084" elapsed="0.002998"/>
</kw>
<kw name="Should Be Equal" owner="BuiltIn">
<arg>${response_body}[bookingdates][checkin]</arg>
<arg>${bookingdates}[checkin]</arg>
<doc>Fails if the given objects are unequal.</doc>
<status status="PASS" start="2024-11-21T19:47:34.037062" elapsed="0.002006"/>
</kw>
<kw name="Should Be Equal" owner="BuiltIn">
<arg>${response_body}[bookingdates][checkout]</arg>
<arg>${bookingdates}[checkout]</arg>
<doc>Fails if the given objects are unequal.</doc>
<status status="PASS" start="2024-11-21T19:47:34.043055" elapsed="0.001997"/>
</kw>
<kw name="Should Be Equal" owner="BuiltIn">
<arg>${response_body}[additionalneeds]</arg>
<arg>${additionalneeds}</arg>
<doc>Fails if the given objects are unequal.</doc>
<status status="PASS" start="2024-11-21T19:47:34.047049" elapsed="0.003995"/>
</kw>
<status status="PASS" start="2024-11-21T19:47:31.725101" elapsed="2.335925"/>
</test>
<status status="PASS" start="2024-11-21T19:47:28.235831" elapsed="5.834183"/>
</suite>
<statistics>
<total>
<stat pass="1" fail="0" skip="0">All Tests</stat>
</total>
<tag>
</tag>
<suite>
<stat pass="1" fail="0" skip="0" id="s1" name="Test Booker">Test Booker</stat>
</suite>
</statistics>
<errors>
</errors>
</robot>
