<?xml version="1.0" encoding="UTF-8"?>
<robot generator="Robot 7.1.1 (Python 3.12.4 on win32)" generated="2025-01-25T18:55:16.931575" rpa="false" schemaversion="5">
<suite id="s1" name="Test Ping" source="c:\Iterasys\RobotBooker140\__tests__\api\test_ping.robot">
<test id="s1-t1" name="Delete Booking" line="92">
<kw name="Create Token" owner="common" type="SETUP">
<kw name="Create Dictionary" owner="BuiltIn">
<msg time="2025-01-25T18:55:19.704818" level="INFO">${body} = {'username': 'admin', 'password': 'password123'}</msg>
<var>${body}</var>
<arg>username=admin</arg>
<arg>password=password123</arg>
<doc>Creates and returns a dictionary based on the given ``items``.</doc>
<status status="PASS" start="2025-01-25T18:55:19.689180" elapsed="0.032035"/>
</kw>
<kw name="POST" owner="RequestsLibrary">
<msg time="2025-01-25T18:55:20.325049" level="INFO">POST Request : url=https://restful-booker.herokuapp.com/auth 
 path_url=/auth 
 headers={'User-Agent': 'python-requests/2.32.3', 'Accept-Encoding': 'gzip, deflate', 'Accept': '*/*', 'Connection': 'keep-alive', 'Content-Length': '48', 'Content-Type': 'application/json'} 
 body=b'{"username": "admin", "password": "password123"}' 
 </msg>
<msg time="2025-01-25T18:55:20.325049" level="INFO">POST Response : url=https://restful-booker.herokuapp.com/auth 
 status=200, reason=OK 
 headers={'Server': 'Cowboy', 'Report-To': '{"group":"heroku-nel","max_age":3600,"endpoints":[{"url":"https://nel.heroku.com/reports?ts=1737842119&amp;sid=c46efe9b-d3d2-4a0c-8c76-bfafa16c5add&amp;s=24EOWbgPjwwlcDJsxWDMBpsdU%2BSGVf0PyGDXLKi%2B8d0%3D"}]}', 'Reporting-Endpoints': 'heroku-nel=https://nel.heroku.com/reports?ts=1737842119&amp;sid=c46efe9b-d3d2-4a0c-8c76-bfafa16c5add&amp;s=24EOWbgPjwwlcDJsxWDMBpsdU%2BSGVf0PyGDXLKi%2B8d0%3D', 'Nel': '{"report_to":"heroku-nel","max_age":3600,"success_fraction":0.005,"failure_fraction":0.05,"response_headers":["Via"]}', 'Connection': 'keep-alive', 'X-Powered-By': 'Express', 'Content-Type': 'application/json; charset=utf-8', 'Content-Length': '27', 'Etag': 'W/"1b-I6coYGNjq7fVx6bONhcKP5weG1Q"', 'Date': 'Sat, 25 Jan 2025 21:55:19 GMT', 'Via': '1.1 vegur'} 
 body={"token":"b34515e17720d5a"} 
 </msg>
<msg time="2025-01-25T18:55:20.325049" level="INFO">${response} = &lt;Response [200]&gt;</msg>
<var>${response}</var>
<arg>url=${url}/auth</arg>
<arg>json=${body}</arg>
<doc>Sends a POST request.</doc>
<status status="PASS" start="2025-01-25T18:55:19.723579" elapsed="0.601470"/>
</kw>
<kw name="Status Should Be" owner="RequestsLibrary">
<arg>200</arg>
<doc>Fails if response status code is different than the expected.</doc>
<status status="PASS" start="2025-01-25T18:55:20.325049" elapsed="0.000000"/>
</kw>
<kw name="Set Variable" owner="BuiltIn">
<msg time="2025-01-25T18:55:20.340676" level="INFO">${token} = b34515e17720d5a</msg>
<var>${token}</var>
<arg>${response.json()}[token]</arg>
<doc>Returns the given values which can then be assigned to a variables.</doc>
<status status="PASS" start="2025-01-25T18:55:20.325049" elapsed="0.015627"/>
</kw>
<kw name="Set Suite Variable" owner="BuiltIn">
<msg time="2025-01-25T18:55:20.340676" level="INFO">${token} = b34515e17720d5a</msg>
<arg>${token}</arg>
<doc>Makes a variable available everywhere within the scope of the current suite.</doc>
<status status="PASS" start="2025-01-25T18:55:20.340676" elapsed="0.000000"/>
</kw>
<kw name="Log To Console" owner="BuiltIn">
<arg>${token}</arg>
<doc>Logs the given message to the console.</doc>
<status status="PASS" start="2025-01-25T18:55:20.340676" elapsed="0.000000"/>
</kw>
<arg>${url}</arg>
<status status="PASS" start="2025-01-25T18:55:19.689180" elapsed="0.651496"/>
</kw>
<kw name="Get Booking Id" owner="common">
<kw name="GET" owner="RequestsLibrary">
<msg time="2025-01-25T18:55:20.972633" level="INFO">GET Request : url=https://restful-booker.herokuapp.com/booking?firstname=Elen&amp;lastname=Santos 
 path_url=/booking?firstname=Elen&amp;lastname=Santos 
 headers={'User-Agent': 'python-requests/2.32.3', 'Accept-Encoding': 'gzip, deflate', 'Accept': '*/*', 'Connection': 'keep-alive'} 
 body=None 
 </msg>
<msg time="2025-01-25T18:55:20.972633" level="INFO">GET Response : url=https://restful-booker.herokuapp.com/booking?firstname=Elen&amp;lastname=Santos 
 status=200, reason=OK 
 headers={'Server': 'Cowboy', 'Report-To': '{"group":"heroku-nel","max_age":3600,"endpoints":[{"url":"https://nel.heroku.com/reports?ts=1737842120&amp;sid=c46efe9b-d3d2-4a0c-8c76-bfafa16c5add&amp;s=m11Y%2BwxERfRqZHY%2FWOz%2B%2B1aYgMGvXnVH%2BGNXojPlyfg%3D"}]}', 'Reporting-Endpoints': 'heroku-nel=https://nel.heroku.com/reports?ts=1737842120&amp;sid=c46efe9b-d3d2-4a0c-8c76-bfafa16c5add&amp;s=m11Y%2BwxERfRqZHY%2FWOz%2B%2B1aYgMGvXnVH%2BGNXojPlyfg%3D', 'Nel': '{"report_to":"heroku-nel","max_age":3600,"success_fraction":0.005,"failure_fraction":0.05,"response_headers":["Via"]}', 'Connection': 'keep-alive', 'X-Powered-By': 'Express', 'Content-Type': 'application/json; charset=utf-8', 'Content-Length': '20', 'Etag': 'W/"14-5c3sj+zQcQYaxUi2b50ej7QNOpc"', 'Date': 'Sat, 25 Jan 2025 21:55:20 GMT', 'Via': '1.1 vegur'} 
 body=[{"bookingid":1726}] 
 </msg>
<msg time="2025-01-25T18:55:20.985656" level="INFO">${response} = &lt;Response [200]&gt;</msg>
<var>${response}</var>
<arg>url=${url}/booking?firstname=${firstname}&amp;lastname=${lastname}</arg>
<doc>Sends a GET request.</doc>
<status status="PASS" start="2025-01-25T18:55:20.356301" elapsed="0.629355"/>
</kw>
<kw name="Set Variable" owner="BuiltIn">
<msg time="2025-01-25T18:55:20.985656" level="INFO">${response_body} = [{'bookingid': 1726}]</msg>
<var>${response_body}</var>
<arg>${response.json()}</arg>
<doc>Returns the given values which can then be assigned to a variables.</doc>
<status status="PASS" start="2025-01-25T18:55:20.985656" elapsed="0.000000"/>
</kw>
<kw name="Log To Console" owner="BuiltIn">
<arg>${response_body}</arg>
<doc>Logs the given message to the console.</doc>
<status status="PASS" start="2025-01-25T18:55:20.985656" elapsed="0.000000"/>
</kw>
<kw name="Status Should Be" owner="RequestsLibrary">
<arg>200</arg>
<doc>Fails if response status code is different than the expected.</doc>
<status status="PASS" start="2025-01-25T18:55:20.985656" elapsed="0.000000"/>
</kw>
<kw name="Set Variable" owner="BuiltIn">
<msg time="2025-01-25T18:55:20.985656" level="INFO">${booking_id} = 1726</msg>
<var>${booking_id}</var>
<arg>${response_body}[0][bookingid]</arg>
<doc>Returns the given values which can then be assigned to a variables.</doc>
<status status="PASS" start="2025-01-25T18:55:20.985656" elapsed="0.000000"/>
</kw>
<kw name="Set Suite Variable" owner="BuiltIn">
<msg time="2025-01-25T18:55:21.001304" level="INFO">${booking_id} = 1726</msg>
<arg>${booking_id}</arg>
<doc>Makes a variable available everywhere within the scope of the current suite.</doc>
<status status="PASS" start="2025-01-25T18:55:21.001304" elapsed="0.000000"/>
</kw>
<arg>${url}</arg>
<arg>${firstname}</arg>
<arg>${lastname}</arg>
<status status="PASS" start="2025-01-25T18:55:20.356301" elapsed="0.645003"/>
</kw>
<kw name="Create Dictionary" owner="BuiltIn">
<msg time="2025-01-25T18:55:21.012868" level="INFO">${headers} = {'Cookie': 'token=b34515e17720d5a', 'Content-Type': 'application/json'}</msg>
<var>${headers}</var>
<arg>Cookie=token=${token}</arg>
<arg>Content-Type=${content_type}</arg>
<doc>Creates and returns a dictionary based on the given ``items``.</doc>
<status status="PASS" start="2025-01-25T18:55:21.010572" elapsed="0.004252"/>
</kw>
<kw name="DELETE" owner="RequestsLibrary">
<msg time="2025-01-25T18:55:21.670003" level="INFO">DELETE Request : url=https://restful-booker.herokuapp.com/booking/1726 
 path_url=/booking/1726 
 headers={'User-Agent': 'python-requests/2.32.3', 'Accept-Encoding': 'gzip, deflate', 'Accept': '*/*', 'Connection': 'keep-alive', 'Cookie': 'token=b34515e17720d5a', 'Content-Type': 'application/json', 'Content-Length': '0'} 
 body=None 
 </msg>
<msg time="2025-01-25T18:55:21.670003" level="INFO">DELETE Response : url=https://restful-booker.herokuapp.com/booking/1726 
 status=201, reason=Created 
 headers={'Server': 'Cowboy', 'Report-To': '{"group":"heroku-nel","max_age":3600,"endpoints":[{"url":"https://nel.heroku.com/reports?ts=1737842121&amp;sid=c46efe9b-d3d2-4a0c-8c76-bfafa16c5add&amp;s=IOd9rOs%2Fvznb3h8LWDGzAdDTw4Dq9AU%2FW%2BPZa9mgZHc%3D"}]}', 'Reporting-Endpoints': 'heroku-nel=https://nel.heroku.com/reports?ts=1737842121&amp;sid=c46efe9b-d3d2-4a0c-8c76-bfafa16c5add&amp;s=IOd9rOs%2Fvznb3h8LWDGzAdDTw4Dq9AU%2FW%2BPZa9mgZHc%3D', 'Nel': '{"report_to":"heroku-nel","max_age":3600,"success_fraction":0.005,"failure_fraction":0.05,"response_headers":["Via"]}', 'Connection': 'keep-alive', 'X-Powered-By': 'Express', 'Content-Type': 'text/plain; charset=utf-8', 'Content-Length': '7', 'Etag': 'W/"7-rM9AyJuqT6iOan/xHh+AW+7K/T8"', 'Date': 'Sat, 25 Jan 2025 21:55:21 GMT', 'Via': '1.1 vegur'} 
 body=Created 
 </msg>
<msg time="2025-01-25T18:55:21.670003" level="INFO">${response} = &lt;Response [201]&gt;</msg>
<var>${response}</var>
<arg>url=${url}/booking/${booking_id}</arg>
<arg>headers=${headers}</arg>
<doc>Sends a DELETE request.</doc>
<status status="PASS" start="2025-01-25T18:55:21.018822" elapsed="0.651181"/>
</kw>
<kw name="Status Should Be" owner="RequestsLibrary">
<arg>201</arg>
<doc>Fails if response status code is different than the expected.</doc>
<status status="PASS" start="2025-01-25T18:55:21.670003" elapsed="0.000000"/>
</kw>
<status status="PASS" start="2025-01-25T18:55:19.689180" elapsed="1.980823"/>
</test>
<status status="PASS" start="2025-01-25T18:55:16.965409" elapsed="4.730492"/>
</suite>
<statistics>
<total>
<stat pass="1" fail="0" skip="0">All Tests</stat>
</total>
<tag>
</tag>
<suite>
<stat pass="1" fail="0" skip="0" id="s1" name="Test Ping">Test Ping</stat>
</suite>
</statistics>
<errors>
</errors>
</robot>
